# Logfile created on 2014-01-05 00:39:08 -0500 by logger.rb/44203
I, [2014-01-05T00:39:08.311361 #3404]  INFO -- : 0:  RedCloth (4.2.9) from /Users/mf/.rbenv/versions/2.1.0/lib/ruby/gems/2.1.0/specifications/RedCloth-4.2.9.gemspec
I, [2014-01-05T00:39:08.312528 #3404]  INFO -- : 0:  i18n (0.6.9) from /Users/mf/.rbenv/versions/2.1.0/lib/ruby/gems/2.1.0/specifications/i18n-0.6.9.gemspec
I, [2014-01-05T00:39:08.312857 #3404]  INFO -- : 0:  multi_json (1.7.9) from /Users/mf/.rbenv/versions/2.1.0/lib/ruby/gems/2.1.0/specifications/multi_json-1.7.9.gemspec
I, [2014-01-05T00:39:08.313162 #3404]  INFO -- : 0:  activesupport (3.2.16) from /Users/mf/.rbenv/versions/2.1.0/lib/ruby/gems/2.1.0/specifications/activesupport-3.2.16.gemspec
I, [2014-01-05T00:39:08.313458 #3404]  INFO -- : 0:  coderay (1.1.0) from /Users/mf/.rbenv/versions/2.1.0/lib/ruby/gems/2.1.0/specifications/coderay-1.1.0.gemspec
I, [2014-01-05T00:39:08.313785 #3404]  INFO -- : 0:  erubis (2.7.0) from /Users/mf/.rbenv/versions/2.1.0/lib/ruby/gems/2.1.0/specifications/erubis-2.7.0.gemspec
I, [2014-01-05T00:39:08.314107 #3404]  INFO -- : 0:  better_errors (1.0.1) from /Users/mf/.rbenv/versions/2.1.0/lib/ruby/gems/2.1.0/specifications/better_errors-1.0.1.gemspec
I, [2014-01-05T00:39:08.314429 #3404]  INFO -- : 0:  chronic (0.10.2) from /Users/mf/.rbenv/versions/2.1.0/lib/ruby/gems/2.1.0/specifications/chronic-0.10.2.gemspec
I, [2014-01-05T00:39:08.314755 #3404]  INFO -- : 0:  chunky_png (1.2.9) from /Users/mf/.rbenv/versions/2.1.0/lib/ruby/gems/2.1.0/specifications/chunky_png-1.2.9.gemspec
I, [2014-01-05T00:39:08.315075 #3404]  INFO -- : 0:  coffee-script-source (1.6.3) from /Users/mf/.rbenv/versions/2.1.0/lib/ruby/gems/2.1.0/specifications/coffee-script-source-1.6.3.gemspec
I, [2014-01-05T00:39:08.330683 #3404]  INFO -- : 0:  execjs (2.0.2) from /Users/mf/.rbenv/versions/2.1.0/lib/ruby/gems/2.1.0/specifications/execjs-2.0.2.gemspec
I, [2014-01-05T00:39:08.331022 #3404]  INFO -- : 0:  coffee-script (2.2.0) from /Users/mf/.rbenv/versions/2.1.0/lib/ruby/gems/2.1.0/specifications/coffee-script-2.2.0.gemspec
I, [2014-01-05T00:39:08.331322 #3404]  INFO -- : 0:  colorize (0.5.8) from /Users/mf/.rbenv/versions/2.1.0/lib/ruby/gems/2.1.0/specifications/colorize-0.5.8.gemspec
I, [2014-01-05T00:39:08.331621 #3404]  INFO -- : 0:  commonjs (0.2.7) from /Users/mf/.rbenv/versions/2.1.0/lib/ruby/gems/2.1.0/specifications/commonjs-0.2.7.gemspec
I, [2014-01-05T00:39:08.331932 #3404]  INFO -- : 0:  fssm (0.2.10) from /Users/mf/.rbenv/versions/2.1.0/lib/ruby/gems/2.1.0/specifications/fssm-0.2.10.gemspec
I, [2014-01-05T00:39:08.332228 #3404]  INFO -- : 0:  sass (3.2.13) from /Users/mf/.rbenv/versions/2.1.0/lib/ruby/gems/2.1.0/specifications/sass-3.2.13.gemspec
I, [2014-01-05T00:39:08.332527 #3404]  INFO -- : 0:  compass (0.12.2) from /Users/mf/.rbenv/versions/2.1.0/lib/ruby/gems/2.1.0/specifications/compass-0.12.2.gemspec
I, [2014-01-05T00:39:08.332818 #3404]  INFO -- : 0:  daemons (1.1.9) from /Users/mf/.rbenv/versions/2.1.0/lib/ruby/gems/2.1.0/specifications/daemons-1.1.9.gemspec
I, [2014-01-05T00:39:08.333113 #3404]  INFO -- : 0:  rack (1.5.2) from /Users/mf/.rbenv/versions/2.1.0/lib/ruby/gems/2.1.0/specifications/rack-1.5.2.gemspec
I, [2014-01-05T00:39:08.333406 #3404]  INFO -- : 0:  dragonfly (0.9.15) from /Users/mf/.rbenv/versions/2.1.0/lib/ruby/gems/2.1.0/specifications/dragonfly-0.9.15.gemspec
I, [2014-01-05T00:39:08.333712 #3404]  INFO -- : 0:  eventmachine (1.0.3) from /Users/mf/.rbenv/versions/2.1.0/lib/ruby/gems/2.1.0/specifications/eventmachine-1.0.3.gemspec
I, [2014-01-05T00:39:08.334004 #3404]  INFO -- : 0:  faker (0.9.5) from /Users/mf/.rbenv/versions/2.1.0/lib/ruby/gems/2.1.0/specifications/faker-0.9.5.gemspec
I, [2014-01-05T00:39:08.334272 #3404]  INFO -- : 0:  ffi (1.9.3) from /Users/mf/.rbenv/versions/2.1.0/lib/ruby/gems/2.1.0/specifications/ffi-1.9.3.gemspec
I, [2014-01-05T00:39:08.334536 #3404]  INFO -- : 0:  tilt (1.4.1) from /Users/mf/.rbenv/versions/2.1.0/lib/ruby/gems/2.1.0/specifications/tilt-1.4.1.gemspec
I, [2014-01-05T00:39:08.334795 #3404]  INFO -- : 0:  haml (4.0.4) from /Users/mf/.rbenv/versions/2.1.0/lib/ruby/gems/2.1.0/specifications/haml-4.0.4.gemspec
I, [2014-01-05T00:39:08.335076 #3404]  INFO -- : 0:  hike (1.2.3) from /Users/mf/.rbenv/versions/2.1.0/lib/ruby/gems/2.1.0/specifications/hike-1.2.3.gemspec
I, [2014-01-05T00:39:08.335305 #3404]  INFO -- : 0:  json (1.8.1) from /Users/mf/.rbenv/versions/2.1.0/lib/ruby/gems/2.1.0/specifications/default/json-1.8.1.gemspec
I, [2014-01-05T00:39:08.335561 #3404]  INFO -- : 0:  multi_xml (0.5.5) from /Users/mf/.rbenv/versions/2.1.0/lib/ruby/gems/2.1.0/specifications/multi_xml-0.5.5.gemspec
I, [2014-01-05T00:39:08.335826 #3404]  INFO -- : 0:  httparty (0.12.0) from /Users/mf/.rbenv/versions/2.1.0/lib/ruby/gems/2.1.0/specifications/httparty-0.12.0.gemspec
I, [2014-01-05T00:39:08.336087 #3404]  INFO -- : 0:  multipart-post (2.0.0) from /Users/mf/.rbenv/versions/2.1.0/lib/ruby/gems/2.1.0/specifications/multipart-post-2.0.0.gemspec
I, [2014-01-05T00:39:08.336354 #3404]  INFO -- : 0:  httmultiparty (0.3.10) from /Users/mf/.rbenv/versions/2.1.0/lib/ruby/gems/2.1.0/specifications/httmultiparty-0.3.10.gemspec
I, [2014-01-05T00:39:08.336618 #3404]  INFO -- : 0:  less (2.2.2) from /Users/mf/.rbenv/versions/2.1.0/lib/ruby/gems/2.1.0/specifications/less-2.2.2.gemspec
I, [2014-01-05T00:39:08.336899 #3404]  INFO -- : 0:  libv8 (3.16.14.3) from /Users/mf/.rbenv/versions/2.1.0/lib/ruby/gems/2.1.0/specifications/libv8-3.16.14.3-x86_64-darwin-13.gemspec
I, [2014-01-05T00:39:08.337159 #3404]  INFO -- : 0:  listen (0.7.3) from /Users/mf/.rbenv/versions/2.1.0/lib/ruby/gems/2.1.0/specifications/listen-0.7.3.gemspec
I, [2014-01-05T00:39:08.337427 #3404]  INFO -- : 0:  locomotivecms-liquid (2.6.0) from /Users/mf/.rbenv/versions/2.1.0/lib/ruby/gems/2.1.0/specifications/locomotivecms-liquid-2.6.0.gemspec
I, [2014-01-05T00:39:08.337689 #3404]  INFO -- : 0:  locomotivecms-solid (0.2.2.1) from /Users/mf/.rbenv/versions/2.1.0/lib/ruby/gems/2.1.0/specifications/locomotivecms-solid-0.2.2.1.gemspec
I, [2014-01-05T00:39:08.337953 #3404]  INFO -- : 0:  logger (1.2.8) from /Users/mf/.rbenv/versions/2.1.0/lib/ruby/gems/2.1.0/specifications/logger-1.2.8.gemspec
I, [2014-01-05T00:39:08.338215 #3404]  INFO -- : 0:  mime-types (1.25.1) from /Users/mf/.rbenv/versions/2.1.0/lib/ruby/gems/2.1.0/specifications/mime-types-1.25.1.gemspec
I, [2014-01-05T00:39:08.338483 #3404]  INFO -- : 0:  sprockets (2.10.1) from /Users/mf/.rbenv/versions/2.1.0/lib/ruby/gems/2.1.0/specifications/sprockets-2.10.1.gemspec
I, [2014-01-05T00:39:08.338744 #3404]  INFO -- : 0:  sprockets-sass (1.0.2) from /Users/mf/.rbenv/versions/2.1.0/lib/ruby/gems/2.1.0/specifications/sprockets-sass-1.0.2.gemspec
I, [2014-01-05T00:39:08.339002 #3404]  INFO -- : 0:  stringex (2.0.11) from /Users/mf/.rbenv/versions/2.1.0/lib/ruby/gems/2.1.0/specifications/stringex-2.0.11.gemspec
I, [2014-01-05T00:39:08.339258 #3404]  INFO -- : 0:  tzinfo (0.3.38) from /Users/mf/.rbenv/versions/2.1.0/lib/ruby/gems/2.1.0/specifications/tzinfo-0.3.38.gemspec
I, [2014-01-05T00:39:08.339520 #3404]  INFO -- : 0:  zip (2.0.2) from /Users/mf/.rbenv/versions/2.1.0/lib/ruby/gems/2.1.0/specifications/zip-2.0.2.gemspec
I, [2014-01-05T00:39:08.339779 #3404]  INFO -- : 0:  locomotivecms_mounter (1.4.0) from /Users/mf/.rbenv/versions/2.1.0/lib/ruby/gems/2.1.0/specifications/locomotivecms_mounter-1.4.0.gemspec
I, [2014-01-05T00:39:08.340040 #3404]  INFO -- : 0:  rack-cache (1.2) from /Users/mf/.rbenv/versions/2.1.0/lib/ruby/gems/2.1.0/specifications/rack-cache-1.2.gemspec
I, [2014-01-05T00:39:08.340296 #3404]  INFO -- : 0:  redcarpet (3.0.0) from /Users/mf/.rbenv/versions/2.1.0/lib/ruby/gems/2.1.0/specifications/redcarpet-3.0.0.gemspec
I, [2014-01-05T00:39:08.340550 #3404]  INFO -- : 0:  thin (1.5.1) from /Users/mf/.rbenv/versions/2.1.0/lib/ruby/gems/2.1.0/specifications/thin-1.5.1.gemspec
I, [2014-01-05T00:39:08.340804 #3404]  INFO -- : 0:  thor (0.18.1) from /Users/mf/.rbenv/versions/2.1.0/lib/ruby/gems/2.1.0/specifications/thor-0.18.1.gemspec
I, [2014-01-05T00:39:08.341060 #3404]  INFO -- : 0:  will_paginate (3.0.5) from /Users/mf/.rbenv/versions/2.1.0/lib/ruby/gems/2.1.0/specifications/will_paginate-3.0.5.gemspec
I, [2014-01-05T00:39:08.341341 #3404]  INFO -- : 0:  locomotivecms_wagon (1.4.0) from /Users/mf/.rbenv/versions/2.1.0/lib/ruby/gems/2.1.0/specifications/locomotivecms_wagon-1.4.0.gemspec
I, [2014-01-05T00:39:08.341599 #3404]  INFO -- : 0:  rb-fsevent (0.9.4) from /Users/mf/.rbenv/versions/2.1.0/lib/ruby/gems/2.1.0/specifications/rb-fsevent-0.9.4.gemspec
I, [2014-01-05T00:39:08.341850 #3404]  INFO -- : 0:  rb-inotify (0.9.3) from /Users/mf/.rbenv/versions/2.1.0/lib/ruby/gems/2.1.0/specifications/rb-inotify-0.9.3.gemspec
I, [2014-01-05T00:39:08.342086 #3404]  INFO -- : 0:  ref (1.0.5) from /Users/mf/.rbenv/versions/2.1.0/lib/ruby/gems/2.1.0/specifications/ref-1.0.5.gemspec
I, [2014-01-05T00:39:08.342336 #3404]  INFO -- : 0:  therubyracer (0.12.0) from /Users/mf/.rbenv/versions/2.1.0/lib/ruby/gems/2.1.0/specifications/therubyracer-0.12.0.gemspec
I, [2014-01-05T00:39:08.342600 #3404]  INFO -- : 0:  wdm (0.1.0) from /Users/mf/.rbenv/versions/2.1.0/lib/ruby/gems/2.1.0/specifications/wdm-0.1.0.gemspec
I, [2014-01-05T00:39:08.342828 #3404]  INFO -- : 0:  bundler (1.5.1) from /Users/mf/.rbenv/versions/2.1.0/lib/ruby/gems/2.1.0/specifications/bundler-1.5.1.gemspec
I, [2014-01-05T17:33:11.437185 #40232]  INFO -- : 0:  RedCloth (4.2.9) from /Users/mf/.rbenv/versions/1.9.3-p484/lib/ruby/gems/1.9.1/specifications/RedCloth-4.2.9.gemspec
I, [2014-01-05T17:33:14.070194 #40232]  INFO -- : 0:  i18n (0.6.9) from /Users/mf/.rbenv/versions/1.9.3-p484/lib/ruby/gems/1.9.1/specifications/i18n-0.6.9.gemspec
I, [2014-01-05T17:33:17.478860 #40232]  INFO -- : 0:  multi_json (1.7.9) from /Users/mf/.rbenv/versions/1.9.3-p484/lib/ruby/gems/1.9.1/specifications/multi_json-1.7.9.gemspec
I, [2014-01-05T17:33:19.378699 #40232]  INFO -- : 0:  activesupport (3.2.16) from /Users/mf/.rbenv/versions/1.9.3-p484/lib/ruby/gems/1.9.1/specifications/activesupport-3.2.16.gemspec
I, [2014-01-05T17:33:21.339031 #40232]  INFO -- : 0:  coderay (1.1.0) from /Users/mf/.rbenv/versions/1.9.3-p484/lib/ruby/gems/1.9.1/specifications/coderay-1.1.0.gemspec
I, [2014-01-05T17:33:23.039497 #40232]  INFO -- : 0:  erubis (2.7.0) from /Users/mf/.rbenv/versions/1.9.3-p484/lib/ruby/gems/1.9.1/specifications/erubis-2.7.0.gemspec
I, [2014-01-05T17:33:24.051566 #40232]  INFO -- : 0:  better_errors (1.0.1) from /Users/mf/.rbenv/versions/1.9.3-p484/lib/ruby/gems/1.9.1/specifications/better_errors-1.0.1.gemspec
I, [2014-01-05T17:33:25.817666 #40232]  INFO -- : 0:  chronic (0.10.2) from /Users/mf/.rbenv/versions/1.9.3-p484/lib/ruby/gems/1.9.1/specifications/chronic-0.10.2.gemspec
I, [2014-01-05T17:33:28.620242 #40232]  INFO -- : 0:  chunky_png (1.2.9) from /Users/mf/.rbenv/versions/1.9.3-p484/lib/ruby/gems/1.9.1/specifications/chunky_png-1.2.9.gemspec
I, [2014-01-05T17:33:29.718842 #40232]  INFO -- : 0:  coffee-script-source (1.6.3) from /Users/mf/.rbenv/versions/1.9.3-p484/lib/ruby/gems/1.9.1/specifications/coffee-script-source-1.6.3.gemspec
I, [2014-01-05T17:33:30.705820 #40232]  INFO -- : 0:  execjs (2.0.2) from /Users/mf/.rbenv/versions/1.9.3-p484/lib/ruby/gems/1.9.1/specifications/execjs-2.0.2.gemspec
I, [2014-01-05T17:33:31.985337 #40232]  INFO -- : 0:  coffee-script (2.2.0) from /Users/mf/.rbenv/versions/1.9.3-p484/lib/ruby/gems/1.9.1/specifications/coffee-script-2.2.0.gemspec
I, [2014-01-05T17:33:32.920758 #40232]  INFO -- : 0:  colorize (0.5.8) from /Users/mf/.rbenv/versions/1.9.3-p484/lib/ruby/gems/1.9.1/specifications/colorize-0.5.8.gemspec
I, [2014-01-05T17:33:34.494407 #40232]  INFO -- : 0:  commonjs (0.2.7) from /Users/mf/.rbenv/versions/1.9.3-p484/lib/ruby/gems/1.9.1/specifications/commonjs-0.2.7.gemspec
I, [2014-01-05T17:33:35.463667 #40232]  INFO -- : 0:  fssm (0.2.10) from /Users/mf/.rbenv/versions/1.9.3-p484/lib/ruby/gems/1.9.1/specifications/fssm-0.2.10.gemspec
I, [2014-01-05T17:33:37.589930 #40232]  INFO -- : 0:  sass (3.2.13) from /Users/mf/.rbenv/versions/1.9.3-p484/lib/ruby/gems/1.9.1/specifications/sass-3.2.13.gemspec
I, [2014-01-05T17:33:40.435667 #40232]  INFO -- : 0:  compass (0.12.2) from /Users/mf/.rbenv/versions/1.9.3-p484/lib/ruby/gems/1.9.1/specifications/compass-0.12.2.gemspec
I, [2014-01-05T17:33:42.345775 #40232]  INFO -- : 0:  daemons (1.1.9) from /Users/mf/.rbenv/versions/1.9.3-p484/lib/ruby/gems/1.9.1/specifications/daemons-1.1.9.gemspec
I, [2014-01-05T17:33:43.861821 #40232]  INFO -- : 0:  rack (1.5.2) from /Users/mf/.rbenv/versions/1.9.3-p484/lib/ruby/gems/1.9.1/specifications/rack-1.5.2.gemspec
I, [2014-01-05T17:33:46.041744 #40232]  INFO -- : 0:  dragonfly (0.9.15) from /Users/mf/.rbenv/versions/1.9.3-p484/lib/ruby/gems/1.9.1/specifications/dragonfly-0.9.15.gemspec
I, [2014-01-05T17:33:57.459831 #40232]  INFO -- : 0:  eventmachine (1.0.3) from /Users/mf/.rbenv/versions/1.9.3-p484/lib/ruby/gems/1.9.1/specifications/eventmachine-1.0.3.gemspec
I, [2014-01-05T17:33:58.512760 #40232]  INFO -- : 0:  faker (0.9.5) from /Users/mf/.rbenv/versions/1.9.3-p484/lib/ruby/gems/1.9.1/specifications/faker-0.9.5.gemspec
I, [2014-01-05T17:34:04.638044 #40232]  INFO -- : 0:  ffi (1.9.3) from /Users/mf/.rbenv/versions/1.9.3-p484/lib/ruby/gems/1.9.1/specifications/ffi-1.9.3.gemspec
I, [2014-01-05T17:34:06.444646 #40232]  INFO -- : 0:  tilt (1.4.1) from /Users/mf/.rbenv/versions/1.9.3-p484/lib/ruby/gems/1.9.1/specifications/tilt-1.4.1.gemspec
I, [2014-01-05T17:34:08.076010 #40232]  INFO -- : 0:  haml (4.0.4) from /Users/mf/.rbenv/versions/1.9.3-p484/lib/ruby/gems/1.9.1/specifications/haml-4.0.4.gemspec
I, [2014-01-05T17:34:09.599597 #40232]  INFO -- : 0:  hike (1.2.3) from /Users/mf/.rbenv/versions/1.9.3-p484/lib/ruby/gems/1.9.1/specifications/hike-1.2.3.gemspec
I, [2014-01-05T17:34:11.851039 #40232]  INFO -- : 0:  json (1.8.1) from /Users/mf/.rbenv/versions/1.9.3-p484/lib/ruby/gems/1.9.1/specifications/json-1.8.1.gemspec
I, [2014-01-05T17:34:14.030618 #40232]  INFO -- : 0:  multi_xml (0.5.5) from /Users/mf/.rbenv/versions/1.9.3-p484/lib/ruby/gems/1.9.1/specifications/multi_xml-0.5.5.gemspec
I, [2014-01-05T17:34:15.815316 #40232]  INFO -- : 0:  httparty (0.12.0) from /Users/mf/.rbenv/versions/1.9.3-p484/lib/ruby/gems/1.9.1/specifications/httparty-0.12.0.gemspec
I, [2014-01-05T17:34:17.312734 #40232]  INFO -- : 0:  multipart-post (2.0.0) from /Users/mf/.rbenv/versions/1.9.3-p484/lib/ruby/gems/1.9.1/specifications/multipart-post-2.0.0.gemspec
I, [2014-01-05T17:34:23.889173 #40232]  INFO -- : 0:  httmultiparty (0.3.10) from /Users/mf/.rbenv/versions/1.9.3-p484/lib/ruby/gems/1.9.1/specifications/httmultiparty-0.3.10.gemspec
I, [2014-01-05T17:34:25.506450 #40232]  INFO -- : 0:  less (2.2.2) from /Users/mf/.rbenv/versions/1.9.3-p484/lib/ruby/gems/1.9.1/specifications/less-2.2.2.gemspec
I, [2014-01-05T17:34:51.827050 #40232]  INFO -- : 0:  libv8 (3.16.14.3) from /Users/mf/.rbenv/versions/1.9.3-p484/lib/ruby/gems/1.9.1/specifications/libv8-3.16.14.3-x86_64-darwin-13.gemspec
I, [2014-01-05T17:34:53.297180 #40232]  INFO -- : 0:  listen (0.7.3) from /Users/mf/.rbenv/versions/1.9.3-p484/lib/ruby/gems/1.9.1/specifications/listen-0.7.3.gemspec
I, [2014-01-05T17:34:54.637181 #40232]  INFO -- : 0:  locomotivecms-liquid (2.6.0) from /Users/mf/.rbenv/versions/1.9.3-p484/lib/ruby/gems/1.9.1/specifications/locomotivecms-liquid-2.6.0.gemspec
I, [2014-01-05T17:34:55.899746 #40232]  INFO -- : 0:  locomotivecms-solid (0.2.2.1) from /Users/mf/.rbenv/versions/1.9.3-p484/lib/ruby/gems/1.9.1/specifications/locomotivecms-solid-0.2.2.1.gemspec
I, [2014-01-05T17:34:57.067499 #40232]  INFO -- : 0:  logger (1.2.8) from /Users/mf/.rbenv/versions/1.9.3-p484/lib/ruby/gems/1.9.1/specifications/logger-1.2.8.gemspec
I, [2014-01-05T17:34:58.732430 #40232]  INFO -- : 0:  mime-types (1.25.1) from /Users/mf/.rbenv/versions/1.9.3-p484/lib/ruby/gems/1.9.1/specifications/mime-types-1.25.1.gemspec
I, [2014-01-05T17:35:00.249025 #40232]  INFO -- : 0:  sprockets (2.10.1) from /Users/mf/.rbenv/versions/1.9.3-p484/lib/ruby/gems/1.9.1/specifications/sprockets-2.10.1.gemspec
I, [2014-01-05T17:35:01.713509 #40232]  INFO -- : 0:  sprockets-sass (1.0.2) from /Users/mf/.rbenv/versions/1.9.3-p484/lib/ruby/gems/1.9.1/specifications/sprockets-sass-1.0.2.gemspec
I, [2014-01-05T17:35:04.798820 #40232]  INFO -- : 0:  stringex (2.0.11) from /Users/mf/.rbenv/versions/1.9.3-p484/lib/ruby/gems/1.9.1/specifications/stringex-2.0.11.gemspec
I, [2014-01-05T17:35:06.475511 #40232]  INFO -- : 0:  tzinfo (0.3.38) from /Users/mf/.rbenv/versions/1.9.3-p484/lib/ruby/gems/1.9.1/specifications/tzinfo-0.3.38.gemspec
I, [2014-01-05T17:35:07.491552 #40232]  INFO -- : 0:  zip (2.0.2) from /Users/mf/.rbenv/versions/1.9.3-p484/lib/ruby/gems/1.9.1/specifications/zip-2.0.2.gemspec
I, [2014-01-05T17:35:08.929175 #40232]  INFO -- : 0:  locomotivecms_mounter (1.4.0) from /Users/mf/.rbenv/versions/1.9.3-p484/lib/ruby/gems/1.9.1/specifications/locomotivecms_mounter-1.4.0.gemspec
I, [2014-01-05T17:35:10.210842 #40232]  INFO -- : 0:  rack-cache (1.2) from /Users/mf/.rbenv/versions/1.9.3-p484/lib/ruby/gems/1.9.1/specifications/rack-cache-1.2.gemspec
I, [2014-01-05T17:35:12.920670 #40232]  INFO -- : 0:  redcarpet (3.0.0) from /Users/mf/.rbenv/versions/1.9.3-p484/lib/ruby/gems/1.9.1/specifications/redcarpet-3.0.0.gemspec
I, [2014-01-05T17:35:15.209348 #40232]  INFO -- : 0:  thin (1.5.1) from /Users/mf/.rbenv/versions/1.9.3-p484/lib/ruby/gems/1.9.1/specifications/thin-1.5.1.gemspec
I, [2014-01-05T17:35:17.032708 #40232]  INFO -- : 0:  thor (0.18.1) from /Users/mf/.rbenv/versions/1.9.3-p484/lib/ruby/gems/1.9.1/specifications/thor-0.18.1.gemspec
I, [2014-01-05T17:35:18.605133 #40232]  INFO -- : 0:  will_paginate (3.0.5) from /Users/mf/.rbenv/versions/1.9.3-p484/lib/ruby/gems/1.9.1/specifications/will_paginate-3.0.5.gemspec
I, [2014-01-05T17:35:21.910628 #40232]  INFO -- : 0:  locomotivecms_wagon (1.4.0) from /Users/mf/.rbenv/versions/1.9.3-p484/lib/ruby/gems/1.9.1/specifications/locomotivecms_wagon-1.4.0.gemspec
I, [2014-01-05T17:35:23.217879 #40232]  INFO -- : 0:  rb-fsevent (0.9.4) from /Users/mf/.rbenv/versions/1.9.3-p484/lib/ruby/gems/1.9.1/specifications/rb-fsevent-0.9.4.gemspec
I, [2014-01-05T17:35:24.577781 #40232]  INFO -- : 0:  rb-inotify (0.9.3) from /Users/mf/.rbenv/versions/1.9.3-p484/lib/ruby/gems/1.9.1/specifications/rb-inotify-0.9.3.gemspec
I, [2014-01-05T17:35:26.136727 #40232]  INFO -- : 0:  ref (1.0.5) from /Users/mf/.rbenv/versions/1.9.3-p484/lib/ruby/gems/1.9.1/specifications/ref-1.0.5.gemspec
I, [2014-01-05T17:35:37.687927 #40232]  INFO -- : 0:  therubyracer (0.12.0) from /Users/mf/.rbenv/versions/1.9.3-p484/lib/ruby/gems/1.9.1/specifications/therubyracer-0.12.0.gemspec
I, [2014-01-05T17:35:38.960620 #40232]  INFO -- : 0:  wdm (0.1.0) from /Users/mf/.rbenv/versions/1.9.3-p484/lib/ruby/gems/1.9.1/specifications/wdm-0.1.0.gemspec
I, [2014-01-05T17:35:38.961230 #40232]  INFO -- : 0:  bundler (1.5.1) from /Users/mf/.rbenv/versions/1.9.3-p484/lib/ruby/gems/1.9.1/specifications/bundler-1.5.1.gemspec
